Arguments: 
  C:\Program Files\nodejs\node.exe C:\Users\NISHANTH RAO DUGYALA\AppData\Roaming\npm\node_modules\yarn\bin\yarn.js install

PATH: 
  C:\Users\NISHANTH RAO DUGYALA\AppData\Local\npm-cache\_npx\86fd6f984ad48a35\node_modules\.bin;C:\Users\NISHANTH RAO DUGYALA\Desktop\node_modules\.bin;C:\Users\NISHANTH RAO DUGYALA\node_modules\.bin;C:\Users\node_modules\.bin;C:\node_modules\.bin;C:\Users\NISHANTH RAO DUGYALA\AppData\Roaming\npm\node_modules\npm\node_modules\@npmcli\run-script\lib\node-gyp-bin;C:\Program Files\Common Files\Oracle\Java\javapath;C:\Windows\system32;C:\Windows;C:\Windows\System32\Wbem;C:\Windows\System32\WindowsPowerShell\v1.0\;C:\Windows\System32\OpenSSH\;C:\Program Files\NVIDIA Corporation\NVIDIA NvDLISR;C:\WINDOWS\system32;C:\WINDOWS;C:\WINDOWS\System32\Wbem;C:\WINDOWS\System32\WindowsPowerShell\v1.0\;C:\WINDOWS\System32\OpenSSH\;C:\Program Files (x86)\NVIDIA Corporation\PhysX\Common;C:\WINDOWS\system32;C:\WINDOWS;C:\WINDOWS\System32\Wbem;C:\WINDOWS\System32\WindowsPowerShell\v1.0\;C:\WINDOWS\System32\OpenSSH\;C:\Program Files\dotnet\;C:\ProgramData\chocolatey\bin;C:\Users\NISHANTH RAO DUGYALA\AppData\Roaming\nvm;C:\Program Files\nodejs;C:\Program Files\Git\cmd;C:\Program Files\Docker\Docker\resources\bin;C:\Program Files\MySQL\MySQL Shell 8.0\bin\;C:\Users\NISHANTH RAO DUGYALA\AppData\Local\Programs\Python\Python310\Scripts\;C:\Users\NISHANTH RAO DUGYALA\AppData\Local\Programs\Python\Python310\;C:\Users\NISHANTH RAO DUGYALA\AppData\Local\Microsoft\WindowsApps;C:\Program Files (x86)\mingw-w64\i686-8.1.0-posix-dwarf-rt_v6-rev0\mingw32\bin;C:\Users\NISHANTH RAO DUGYALA\AppData\Roaming\npm;C:\Users\NISHANTH RAO DUGYALA\AppData\Local\Programs\Microsoft VS Code\bin;C:\Users\NISHANTH RAO DUGYALA\AppData\Roaming\nvm;C:\Program Files\nodejs;C:\Users\NISHANTH RAO DUGYALA\AppData\Local\GitHubDesktop\bin;C:\Users\NISHANTH RAO DUGYALA\.dotnet\tools;C:\Program Files\Salesforce CLI\bin;

Yarn version: 
  1.22.19

Node version: 
  16.17.1

Platform: 
  win32 x64

Trace: 
  Error: https://registry.yarnpkg.com/@react-icons/all-files/-/all-files-4.1.0.tgz: ESOCKETTIMEDOUT
      at ClientRequest.<anonymous> (C:\Users\NISHANTH RAO DUGYALA\AppData\Roaming\npm\node_modules\yarn\lib\cli.js:141517:19)
      at Object.onceWrapper (node:events:627:28)
      at ClientRequest.emit (node:events:513:28)
      at TLSSocket.emitRequestTimeout (node:_http_client:814:9)
      at Object.onceWrapper (node:events:627:28)
      at TLSSocket.emit (node:events:525:35)
      at TLSSocket.Socket._onTimeout (node:net:526:8)
      at listOnTimeout (node:internal/timers:559:17)
      at processTimers (node:internal/timers:502:7)

npm manifest: 
  {
    "name": "connect",
    "version": "0.1.0",
    "private": true,
    "scripts": {
      "dev": "next dev",
      "build": "next build",
      "start": "next start",
      "lint": "next lint",
      "export": "next export",
      "deploy": "next build && next export && npx thirdweb@latest upload out"
    },
    "dependencies": {
      "@thirdweb-dev/react": "^3",
      "@thirdweb-dev/sdk": "^3",
      "ethers": "^5",
      "next": "^13",
      "react": "^18.2",
      "react-dom": "^18.2"
    },
    "devDependencies": {
      "@types/node": "^18.11.11",
      "@types/react": "^18",
      "eslint": "^8.29.0",
      "eslint-config-next": "^13",
      "typescript": "^4.9.4"
    }
  }

yarn manifest: 
  No manifest

Lockfile: 
  No lockfile
